2026-02-26 21:37:59 INFO     [cakeshop] Logging initialized — logs dir: C:\Users\Виктор\Desktop\интернет магазин торты\backend\logs
2026-02-26 21:37:59 INFO     [cakeshop.api] POST /users/ 200 44ms
2026-02-26 21:37:59 INFO     [cakeshop.api] POST /users/ 200 26ms
2026-02-26 21:37:59 INFO     [cakeshop.api] POST /users/ 400 2ms
2026-02-26 21:38:00 INFO     [cakeshop.api] POST /users/ 200 26ms
2026-02-26 21:38:00 INFO     [cakeshop.api] POST /token 200 34ms
2026-02-26 21:38:00 INFO     [cakeshop.api] POST /users/ 200 26ms
2026-02-26 21:38:00 INFO     [cakeshop.api] POST /token 401 21ms
2026-02-26 21:38:00 INFO     [cakeshop.api] GET /users/me/ 401 1ms
2026-02-26 21:38:00 INFO     [cakeshop.api] GET /users/me/ 200 3ms
2026-02-26 21:38:00 INFO     [cakeshop.api] GET /health 200 1ms
2026-02-26 21:38:00 INFO     [cakeshop.api] GET /cakes/ 200 4ms
2026-02-26 21:38:01 INFO     [cakeshop.api] GET /cakes/ 200 2ms
2026-02-26 21:38:01 INFO     [cakeshop.api] GET /cakes/test-tort 200 4ms
2026-02-26 21:38:01 INFO     [cakeshop.api] GET /cakes/1 200 3ms
2026-02-26 21:38:01 INFO     [cakeshop.api] GET /cakes/non-existent-cake 404 1ms
2026-02-26 21:38:01 INFO     [cakeshop.api] Cache invalidated
2026-02-26 21:38:01 INFO     [cakeshop.api] POST /cakes/ 200 8ms
2026-02-26 21:38:02 INFO     [cakeshop.api] GET /cakes/ 200 3ms
2026-02-26 21:38:02 INFO     [cakeshop.api] GET /cakes/ 200 2ms
2026-02-26 21:38:02 INFO     [cakeshop.api] GET /cakes/ 304 1ms
2026-02-26 21:38:02 INFO     [cakeshop.api] POST /orders/ 200 497ms
2026-02-26 21:38:03 INFO     [cakeshop.api] POST /orders/quick 200 472ms
2026-02-26 21:38:03 INFO     [cakeshop.api] POST /orders/quick 404 3ms
2026-02-26 21:38:04 INFO     [cakeshop.api] POST /orders/ 200 483ms
2026-02-26 21:39:56 INFO     [cakeshop] Logging initialized — logs dir: C:\Users\Виктор\Desktop\интернет магазин торты\backend\logs
2026-02-26 21:39:57 INFO     [cakeshop.api] Cache invalidated
2026-02-26 21:39:57 INFO     [cakeshop.api] POST /users/ 200 39ms
2026-02-26 21:39:57 INFO     [cakeshop.api] Cache invalidated
2026-02-26 21:39:57 INFO     [cakeshop.api] POST /users/ 200 26ms
2026-02-26 21:39:57 INFO     [cakeshop.api] POST /users/ 400 2ms
2026-02-26 21:39:57 INFO     [cakeshop.api] Cache invalidated
2026-02-26 21:39:57 INFO     [cakeshop.api] POST /users/ 200 25ms
2026-02-26 21:39:57 INFO     [cakeshop.api] POST /token 200 23ms
2026-02-26 21:39:57 INFO     [cakeshop.api] Cache invalidated
2026-02-26 21:39:57 INFO     [cakeshop.api] POST /users/ 200 30ms
2026-02-26 21:39:57 INFO     [cakeshop.api] POST /token 401 20ms
2026-02-26 21:39:57 INFO     [cakeshop.api] Cache invalidated
2026-02-26 21:39:57 INFO     [cakeshop.api] GET /users/me/ 401 1ms
2026-02-26 21:39:57 INFO     [cakeshop.api] Cache invalidated
2026-02-26 21:39:58 INFO     [cakeshop.api] GET /users/me/ 200 3ms
2026-02-26 21:39:58 INFO     [cakeshop.api] Cache invalidated
2026-02-26 21:39:58 INFO     [cakeshop.api] GET /health 200 1ms
2026-02-26 21:39:58 INFO     [cakeshop.api] Cache invalidated
2026-02-26 21:39:58 INFO     [cakeshop.api] GET /cakes/ 200 4ms
2026-02-26 21:39:58 INFO     [cakeshop.api] Cache invalidated
2026-02-26 21:39:58 INFO     [cakeshop.api] GET /cakes/ 200 2ms
2026-02-26 21:39:58 INFO     [cakeshop.api] Cache invalidated
2026-02-26 21:39:58 INFO     [cakeshop.api] GET /cakes/test-tort 200 3ms
2026-02-26 21:39:58 INFO     [cakeshop.api] Cache invalidated
2026-02-26 21:39:58 INFO     [cakeshop.api] GET /cakes/1 200 4ms
2026-02-26 21:39:58 INFO     [cakeshop.api] Cache invalidated
2026-02-26 21:39:58 INFO     [cakeshop.api] GET /cakes/non-existent-cake 404 3ms
2026-02-26 21:39:58 INFO     [cakeshop.api] Cache invalidated
2026-02-26 21:39:58 INFO     [cakeshop.api] Cache invalidated
2026-02-26 21:39:58 INFO     [cakeshop.api] POST /cakes/ 200 8ms
2026-02-26 21:39:59 INFO     [cakeshop.api] Cache invalidated
2026-02-26 21:39:59 INFO     [cakeshop.api] GET /cakes/ 200 2ms
2026-02-26 21:39:59 INFO     [cakeshop.api] Cache invalidated
2026-02-26 21:39:59 INFO     [cakeshop.api] GET /cakes/ 200 2ms
2026-02-26 21:39:59 INFO     [cakeshop.api] GET /cakes/ 304 1ms
2026-02-26 21:39:59 INFO     [cakeshop.api] Cache invalidated
2026-02-26 21:39:59 INFO     [cakeshop.api] POST /orders/ 200 452ms
2026-02-26 21:39:59 INFO     [cakeshop.api] Cache invalidated
2026-02-26 21:40:00 INFO     [cakeshop.api] POST /orders/quick 200 461ms
2026-02-26 21:40:00 INFO     [cakeshop.api] Cache invalidated
2026-02-26 21:40:00 INFO     [cakeshop.api] POST /orders/quick 404 2ms
2026-02-26 21:40:00 INFO     [cakeshop.api] Cache invalidated
2026-02-26 21:40:01 INFO     [cakeshop.api] POST /orders/ 200 455ms
2026-02-26 22:08:43 INFO     [cakeshop] Logging initialized — logs dir: C:\Users\Виктор\Desktop\интернет магазин торты\backend\logs
2026-02-26 22:08:43 INFO     [cakeshop.products] Product cache invalidated
2026-02-26 22:08:44 INFO     [cakeshop.api] POST /users/ 200 38ms
2026-02-26 22:08:44 INFO     [cakeshop.products] Product cache invalidated
2026-02-26 22:08:44 INFO     [cakeshop.api] POST /users/ 200 26ms
2026-02-26 22:08:44 INFO     [cakeshop.api] POST /users/ 400 2ms
2026-02-26 22:08:44 INFO     [cakeshop.products] Product cache invalidated
2026-02-26 22:08:44 INFO     [cakeshop.api] POST /users/ 200 25ms
2026-02-26 22:08:44 INFO     [cakeshop.api] POST /token 200 23ms
2026-02-26 22:08:44 INFO     [cakeshop.products] Product cache invalidated
2026-02-26 22:08:44 INFO     [cakeshop.api] POST /users/ 200 27ms
2026-02-26 22:08:44 INFO     [cakeshop.api] POST /token 401 21ms
2026-02-26 22:08:44 INFO     [cakeshop.products] Product cache invalidated
2026-02-26 22:08:44 INFO     [cakeshop.api] GET /users/me/ 401 1ms
2026-02-26 22:08:44 INFO     [cakeshop.products] Product cache invalidated
2026-02-26 22:08:44 INFO     [cakeshop.api] GET /users/me/ 200 2ms
2026-02-26 22:08:44 INFO     [cakeshop.products] Product cache invalidated
2026-02-26 22:08:45 INFO     [cakeshop.api] GET /health 200 2ms
2026-02-26 22:08:45 INFO     [cakeshop.products] Product cache invalidated
2026-02-26 22:08:45 INFO     [cakeshop.api] GET /cakes/ 200 4ms
2026-02-26 22:08:45 INFO     [cakeshop.products] Product cache invalidated
2026-02-26 22:08:45 INFO     [cakeshop.api] GET /cakes/ 200 2ms
2026-02-26 22:08:45 INFO     [cakeshop.products] Product cache invalidated
2026-02-26 22:08:45 INFO     [cakeshop.api] GET /cakes/test-tort 200 3ms
2026-02-26 22:08:45 INFO     [cakeshop.products] Product cache invalidated
2026-02-26 22:08:45 INFO     [cakeshop.api] GET /cakes/1 200 2ms
2026-02-26 22:08:45 INFO     [cakeshop.products] Product cache invalidated
2026-02-26 22:08:45 INFO     [cakeshop.api] GET /cakes/non-existent-product 404 2ms
2026-02-26 22:08:45 INFO     [cakeshop.products] Product cache invalidated
2026-02-26 22:08:45 INFO     [cakeshop.products] Product cache invalidated
2026-02-26 22:08:45 INFO     [cakeshop.api] POST /cakes/ 200 9ms
2026-02-26 22:08:45 INFO     [cakeshop.products] Product cache invalidated
2026-02-26 22:08:46 INFO     [cakeshop.api] GET /cakes/ 200 3ms
2026-02-26 22:08:46 INFO     [cakeshop.products] Product cache invalidated
2026-02-26 22:08:46 INFO     [cakeshop.api] GET /cakes/ 200 1ms
2026-02-26 22:08:46 INFO     [cakeshop.api] GET /cakes/ 304 2ms
2026-02-26 22:08:46 INFO     [cakeshop.products] Product cache invalidated
2026-02-26 22:08:46 INFO     [cakeshop.api] POST /orders/ 200 472ms
2026-02-26 22:08:46 INFO     [cakeshop.products] Product cache invalidated
2026-02-26 22:08:47 INFO     [cakeshop.api] POST /orders/quick 200 446ms
2026-02-26 22:08:47 INFO     [cakeshop.products] Product cache invalidated
2026-02-26 22:08:47 INFO     [cakeshop.api] POST /orders/quick 404 2ms
2026-02-26 22:08:47 INFO     [cakeshop.products] Product cache invalidated
2026-02-26 22:08:48 INFO     [cakeshop.api] POST /orders/ 200 447ms
2026-02-26 22:22:00 INFO     [cakeshop] Logging initialized — logs dir: C:\Users\Виктор\Desktop\интернет магазин торты\backend\logs
2026-02-26 22:22:01 INFO     [cakeshop.products] Product cache invalidated
2026-02-26 22:22:01 INFO     [cakeshop.api] POST /users/ 200 37ms
2026-02-26 22:22:01 INFO     [cakeshop.products] Product cache invalidated
2026-02-26 22:22:01 INFO     [cakeshop.api] POST /users/ 200 26ms
2026-02-26 22:22:01 INFO     [cakeshop.api] POST /users/ 400 2ms
2026-02-26 22:22:01 INFO     [cakeshop.products] Product cache invalidated
2026-02-26 22:22:01 INFO     [cakeshop.api] POST /users/ 200 27ms
2026-02-26 22:22:01 INFO     [cakeshop.api] POST /token 200 23ms
2026-02-26 22:22:01 INFO     [cakeshop.products] Product cache invalidated
2026-02-26 22:22:01 INFO     [cakeshop.api] POST /users/ 200 25ms
2026-02-26 22:22:01 INFO     [cakeshop.api] POST /token 401 21ms
2026-02-26 22:22:01 INFO     [cakeshop.products] Product cache invalidated
2026-02-26 22:22:01 INFO     [cakeshop.api] GET /users/me/ 401 0ms
2026-02-26 22:22:01 INFO     [cakeshop.products] Product cache invalidated
2026-02-26 22:22:02 INFO     [cakeshop.api] GET /users/me/ 200 3ms
2026-02-26 22:22:02 INFO     [cakeshop.products] Product cache invalidated
2026-02-26 22:22:02 INFO     [cakeshop.api] GET /health 200 1ms
2026-02-26 22:22:02 INFO     [cakeshop.products] Product cache invalidated
2026-02-26 22:22:02 INFO     [cakeshop.api] GET /products/ 200 5ms
2026-02-26 22:22:02 INFO     [cakeshop.products] Product cache invalidated
2026-02-26 22:22:02 INFO     [cakeshop.api] GET /products/ 200 1ms
2026-02-26 22:22:02 INFO     [cakeshop.products] Product cache invalidated
2026-02-26 22:22:02 INFO     [cakeshop.api] GET /products/test-tort 200 2ms
2026-02-26 22:22:02 INFO     [cakeshop.products] Product cache invalidated
2026-02-26 22:22:02 INFO     [cakeshop.api] GET /products/1 200 3ms
2026-02-26 22:22:02 INFO     [cakeshop.products] Product cache invalidated
2026-02-26 22:22:02 INFO     [cakeshop.api] GET /products/non-existent-product 404 2ms
2026-02-26 22:22:02 INFO     [cakeshop.products] Product cache invalidated
2026-02-26 22:22:03 INFO     [cakeshop.products] Product cache invalidated
2026-02-26 22:22:03 INFO     [cakeshop.api] POST /products/ 200 8ms
2026-02-26 22:22:03 INFO     [cakeshop.products] Product cache invalidated
2026-02-26 22:22:03 INFO     [cakeshop.api] GET /products/ 200 2ms
2026-02-26 22:22:03 INFO     [cakeshop.products] Product cache invalidated
2026-02-26 22:22:03 INFO     [cakeshop.api] GET /products/ 200 3ms
2026-02-26 22:22:03 INFO     [cakeshop.api] GET /products/ 304 0ms
2026-02-26 22:22:03 INFO     [cakeshop.products] Product cache invalidated
2026-02-26 22:22:03 INFO     [cakeshop.api] POST /orders/ 200 485ms
2026-02-26 22:22:03 INFO     [cakeshop.products] Product cache invalidated
2026-02-26 22:22:04 INFO     [cakeshop.api] POST /orders/quick 200 471ms
2026-02-26 22:22:04 INFO     [cakeshop.products] Product cache invalidated
2026-02-26 22:22:04 INFO     [cakeshop.api] POST /orders/quick 404 3ms
2026-02-26 22:22:04 INFO     [cakeshop.products] Product cache invalidated
2026-02-26 22:22:05 INFO     [cakeshop.api] POST /orders/ 200 444ms
2026-02-26 22:33:02 INFO     [cakeshop] Logging initialized — logs dir: C:\Users\Виктор\Desktop\интернет магазин торты\backend\logs
2026-02-26 22:33:02 INFO     [cakeshop.products] Product cache invalidated
2026-02-26 22:33:02 INFO     [cakeshop.api] POST /users/ 200 38ms
2026-02-26 22:33:02 INFO     [cakeshop.products] Product cache invalidated
2026-02-26 22:33:02 INFO     [cakeshop.api] POST /users/ 200 27ms
2026-02-26 22:33:02 INFO     [cakeshop.api] POST /users/ 400 3ms
2026-02-26 22:33:02 INFO     [cakeshop.products] Product cache invalidated
2026-02-26 22:33:03 INFO     [cakeshop.api] POST /users/ 200 27ms
2026-02-26 22:33:03 INFO     [cakeshop.api] POST /token 200 23ms
2026-02-26 22:33:03 INFO     [cakeshop.products] Product cache invalidated
2026-02-26 22:33:03 INFO     [cakeshop.api] POST /users/ 200 26ms
2026-02-26 22:33:03 INFO     [cakeshop.api] POST /token 401 21ms
2026-02-26 22:33:03 INFO     [cakeshop.products] Product cache invalidated
2026-02-26 22:33:03 INFO     [cakeshop.api] GET /users/me/ 401 1ms
2026-02-26 22:33:03 INFO     [cakeshop.products] Product cache invalidated
2026-02-26 22:33:03 INFO     [cakeshop.api] GET /users/me/ 200 2ms
2026-02-26 22:33:03 INFO     [cakeshop.products] Product cache invalidated
2026-02-26 22:33:03 INFO     [cakeshop.api] GET /health 200 0ms
2026-02-26 22:33:03 INFO     [cakeshop.products] Product cache invalidated
2026-02-26 22:33:03 INFO     [cakeshop.api] GET /products/ 200 3ms
2026-02-26 22:33:03 INFO     [cakeshop.products] Product cache invalidated
2026-02-26 22:33:03 INFO     [cakeshop.api] GET /products/ 200 2ms
2026-02-26 22:33:03 INFO     [cakeshop.products] Product cache invalidated
2026-02-26 22:33:04 INFO     [cakeshop.api] GET /products/test-tort 200 2ms
2026-02-26 22:33:04 INFO     [cakeshop.products] Product cache invalidated
2026-02-26 22:33:04 INFO     [cakeshop.api] GET /products/1 200 2ms
2026-02-26 22:33:04 INFO     [cakeshop.products] Product cache invalidated
2026-02-26 22:33:04 INFO     [cakeshop.api] GET /products/non-existent-product 404 2ms
2026-02-26 22:33:04 INFO     [cakeshop.products] Product cache invalidated
2026-02-26 22:33:04 INFO     [cakeshop.products] Product cache invalidated
2026-02-26 22:33:04 INFO     [cakeshop.api] POST /products/ 200 8ms
2026-02-26 22:33:04 INFO     [cakeshop.products] Product cache invalidated
2026-02-26 22:33:04 INFO     [cakeshop.api] GET /products/ 200 2ms
2026-02-26 22:33:04 INFO     [cakeshop.products] Product cache invalidated
2026-02-26 22:33:04 INFO     [cakeshop.api] GET /products/ 200 2ms
2026-02-26 22:33:04 INFO     [cakeshop.api] GET /products/ 304 0ms
2026-02-26 22:33:04 INFO     [cakeshop.products] Product cache invalidated
2026-02-26 22:33:05 INFO     [cakeshop.api] POST /orders/ 200 451ms
2026-02-26 22:33:05 INFO     [cakeshop.products] Product cache invalidated
2026-02-26 22:33:05 INFO     [cakeshop.api] POST /orders/quick 200 452ms
2026-02-26 22:33:05 INFO     [cakeshop.products] Product cache invalidated
2026-02-26 22:33:06 INFO     [cakeshop.api] POST /orders/quick 404 3ms
2026-02-26 22:33:06 INFO     [cakeshop.products] Product cache invalidated
2026-02-26 22:33:06 INFO     [cakeshop.api] POST /orders/ 200 451ms
2026-02-26 22:36:28 INFO     [cakeshop] Logging initialized — logs dir: C:\Users\Виктор\Desktop\интернет магазин торты\backend\logs
2026-02-26 22:36:29 INFO     [cakeshop.api] Application startup — seeding database if empty
2026-02-26 22:36:29 INFO     [cakeshop.seed] Database already has 252 products. Skipping auto-seeding.
2026-02-26 22:36:29 INFO     [cakeshop.api] Database seed check complete
2026-02-26 22:48:50 INFO     [cakeshop.api] GET /admin/categories/metadata 200 9ms
2026-02-26 22:48:50 INFO     [cakeshop.api] GET /api/seo/ 200 11ms
2026-02-26 22:48:50 INFO     [cakeshop.api] GET /api/seo/ 200 34ms
2026-02-26 22:48:50 INFO     [cakeshop.api] GET /products/ 200 47ms
2026-02-26 22:48:50 INFO     [cakeshop.api] GET /admin/categories/metadata 200 36ms
2026-02-26 22:48:52 INFO     [cakeshop.api] GET /api/seo/bento-torty 200 2ms
2026-02-26 22:48:52 INFO     [cakeshop.api] GET /products/ 200 4ms
2026-02-26 22:48:54 INFO     [cakeshop.api] GET /api/seo/bento-torty/bento-happy-birthday 200 3ms
2026-02-26 22:48:54 INFO     [cakeshop.api] GET /products/bento-happy-birthday 200 5ms
2026-02-26 22:48:54 INFO     [cakeshop.api] GET /static/images/cakes/75.webp 304 47ms
2026-02-26 22:48:55 INFO     [cakeshop.api] GET /api/seo/ 200 4ms
2026-02-26 22:48:55 INFO     [cakeshop.api] GET /admin/categories/metadata 200 4ms
2026-02-26 22:48:55 INFO     [cakeshop.api] GET /admin/categories/metadata 200 2ms
2026-02-26 22:49:03 INFO     [cakeshop.api] GET /api/seo/bento-torty 200 1ms
2026-02-26 22:49:42 INFO     [cakeshop.api] GET /api/seo/ 200 3ms
2026-02-26 22:49:42 INFO     [cakeshop.api] GET /admin/categories/metadata 200 2ms
2026-02-26 22:49:42 INFO     [cakeshop.api] GET /admin/categories/metadata 200 1ms
2026-02-26 22:49:44 INFO     [cakeshop.api] GET /api/seo/login 200 1ms
2026-02-26 22:49:44 INFO     [cakeshop.api] GET /api/seo/login 200 1ms
2026-02-26 22:49:58 INFO     [cakeshop.api] POST /token 200 21ms
2026-02-26 22:49:58 INFO     [cakeshop.api] GET /users/me/ 200 4ms
2026-02-26 22:49:59 INFO     [cakeshop.api] GET /orders/ 200 8ms
2026-02-26 22:49:59 INFO     [cakeshop.api] GET /orders/ 200 3ms
2026-02-26 22:50:01 INFO     [cakeshop.api] GET /admin/pages 200 3ms
2026-02-26 22:50:01 INFO     [cakeshop.api] GET /admin/pages 200 3ms
2026-02-26 22:50:06 INFO     [cakeshop.api] GET /admin/categories/metadata 200 2ms
2026-02-26 22:50:06 INFO     [cakeshop.api] GET /admin/categories/metadata 200 2ms
2026-02-26 22:50:08 INFO     [cakeshop.api] GET /static/images/cakes/13.webp 304 5ms
2026-02-26 22:50:08 INFO     [cakeshop.api] GET /static/images/cakes/14.webp 304 6ms
2026-02-26 22:50:08 INFO     [cakeshop.api] GET /static/images/cakes/17.webp 304 4ms
2026-02-26 22:50:08 INFO     [cakeshop.api] GET /static/images/cakes/16.webp 304 6ms
2026-02-26 22:50:08 INFO     [cakeshop.api] GET /static/images/cakes/18.webp 304 5ms
2026-02-26 22:50:08 INFO     [cakeshop.api] GET /static/images/cakes/15.webp 304 6ms
2026-02-26 22:50:08 INFO     [cakeshop.api] GET /static/images/cakes/20.webp 304 2ms
2026-02-26 22:50:08 INFO     [cakeshop.api] GET /static/images/cakes/19.webp 304 2ms
2026-02-26 22:50:08 INFO     [cakeshop.api] GET /static/images/cakes/21.webp 304 3ms
2026-02-26 22:50:08 INFO     [cakeshop.api] GET /static/images/cakes/22.webp 304 5ms
2026-02-26 22:50:08 INFO     [cakeshop.api] GET /static/images/cakes/23.webp 304 4ms
2026-02-26 22:50:08 INFO     [cakeshop.api] GET /static/images/cakes/24.webp 304 4ms
2026-02-26 22:50:08 INFO     [cakeshop.api] GET / 200 4ms
2026-02-26 22:50:08 INFO     [cakeshop.api] GET /static/images/cakes/73.webp 304 3ms
2026-02-26 22:50:08 INFO     [cakeshop.api] GET /static/images/cakes/74.webp 304 3ms
2026-02-26 22:50:08 INFO     [cakeshop.api] GET /static/images/cakes/76.webp 304 2ms
2026-02-26 22:50:08 INFO     [cakeshop.api] GET /static/images/cakes/77.webp 304 2ms
2026-02-26 22:50:08 INFO     [cakeshop.api] GET /static/images/cakes/78.webp 304 3ms
2026-02-26 22:50:08 INFO     [cakeshop.api] GET /static/images/cakes/80.webp 304 3ms
2026-02-26 22:50:08 INFO     [cakeshop.api] GET /static/images/cakes/81.webp 304 3ms
2026-02-26 22:50:08 INFO     [cakeshop.api] GET /static/images/cakes/79.webp 304 4ms
2026-02-26 22:50:08 INFO     [cakeshop.api] GET /static/images/cakes/82.webp 304 3ms
2026-02-26 22:50:08 INFO     [cakeshop.api] GET /static/images/cakes/83.webp 304 2ms
2026-02-26 22:50:08 INFO     [cakeshop.api] GET /static/images/cakes/84.webp 304 2ms
2026-02-26 22:50:08 INFO     [cakeshop.api] GET /static/images/cakes/85.webp 304 2ms
2026-02-26 22:50:08 INFO     [cakeshop.api] GET /static/images/cakes/87.webp 304 3ms
2026-02-26 22:50:08 INFO     [cakeshop.api] GET /static/images/cakes/88.webp 304 3ms
2026-02-26 22:50:08 INFO     [cakeshop.api] GET /static/images/cakes/89.webp 304 3ms
2026-02-26 22:50:08 INFO     [cakeshop.api] GET /static/images/cakes/86.webp 304 5ms
2026-02-26 22:50:08 INFO     [cakeshop.api] GET /static/images/cakes/90.webp 304 3ms
2026-02-26 22:50:08 INFO     [cakeshop.api] GET /static/images/cakes/91.webp 304 3ms
2026-02-26 22:50:08 INFO     [cakeshop.api] GET /static/images/cakes/92.webp 304 3ms
2026-02-26 22:50:08 INFO     [cakeshop.api] GET /static/images/cakes/94.webp 304 4ms
2026-02-26 22:50:08 INFO     [cakeshop.api] GET /static/images/cakes/93.webp 304 4ms
2026-02-26 22:50:08 INFO     [cakeshop.api] GET /static/images/cakes/95.webp 304 4ms
2026-02-26 22:50:08 INFO     [cakeshop.api] GET /static/images/cakes/96.webp 304 4ms
2026-02-26 22:50:08 INFO     [cakeshop.api] GET /static/images/cakes/97.webp 200 3ms
2026-02-26 22:50:08 INFO     [cakeshop.api] GET /static/images/cakes/98.webp 200 3ms
2026-02-26 22:50:08 INFO     [cakeshop.api] GET /static/images/cakes/99.webp 200 3ms
2026-02-26 22:50:08 INFO     [cakeshop.api] GET /static/images/cakes/100.webp 200 3ms
2026-02-26 22:50:09 INFO     [cakeshop.api] GET /orders/ 200 3ms
2026-02-26 22:50:09 INFO     [cakeshop.api] GET /orders/ 200 3ms
2026-02-26 22:50:10 INFO     [cakeshop.api] GET /admin/pages 200 2ms
2026-02-26 22:50:10 INFO     [cakeshop.api] GET /admin/pages 200 2ms
2026-02-26 22:50:14 INFO     [cakeshop.api] GET /admin/telegram 200 12ms
2026-02-26 22:50:14 INFO     [cakeshop.api] GET /admin/telegram 200 2ms
2026-02-26 22:50:23 INFO     [cakeshop.api] GET /admin/pages 200 2ms
2026-02-26 22:50:23 INFO     [cakeshop.api] GET /admin/pages 200 2ms
2026-02-26 22:50:25 INFO     [cakeshop.api] GET /admin/categories/metadata 200 2ms
2026-02-26 22:50:25 INFO     [cakeshop.api] GET /admin/categories/metadata 200 2ms
2026-02-26 22:50:26 INFO     [cakeshop.api] GET / 200 0ms
2026-02-26 22:50:28 INFO     [cakeshop.api] GET /orders/ 200 3ms
2026-02-26 22:50:28 INFO     [cakeshop.api] GET /orders/ 200 2ms
2026-02-26 22:50:30 INFO     [cakeshop.api] GET /admin/categories/metadata 200 1ms
2026-02-26 22:50:30 INFO     [cakeshop.api] GET /admin/categories/metadata 200 0ms
2026-02-26 22:50:32 INFO     [cakeshop.api] GET /admin/pages 200 2ms
2026-02-26 22:50:32 INFO     [cakeshop.api] GET /admin/pages 200 2ms
2026-02-26 22:51:25 INFO     [cakeshop.api] GET /orders/ 200 2ms
2026-02-26 22:51:25 INFO     [cakeshop.api] GET /orders/ 200 2ms
2026-02-26 22:51:27 INFO     [cakeshop.api] GET /orders/ 200 6ms
2026-02-26 22:51:28 INFO     [cakeshop.api] GET / 200 1ms
2026-02-26 22:51:29 INFO     [cakeshop.api] GET /admin/categories/metadata 200 2ms
2026-02-26 22:51:29 INFO     [cakeshop.api] GET /admin/categories/metadata 200 2ms
2026-02-26 22:51:32 INFO     [cakeshop.api] GET /admin/pages 200 3ms
2026-02-26 22:51:32 INFO     [cakeshop.api] GET /admin/pages 200 2ms
2026-02-26 22:51:37 INFO     [cakeshop.api] GET /orders/ 200 3ms
2026-02-26 22:51:37 INFO     [cakeshop.api] GET /orders/ 200 3ms
2026-02-26 22:51:39 INFO     [cakeshop.api] GET / 200 0ms
2026-02-26 22:51:40 INFO     [cakeshop.api] GET /admin/categories/metadata 200 2ms
2026-02-26 22:51:40 INFO     [cakeshop.api] GET /admin/categories/metadata 200 2ms
2026-02-26 22:51:41 INFO     [cakeshop.api] GET /admin/telegram 200 3ms
2026-02-26 22:51:41 INFO     [cakeshop.api] GET /admin/telegram 200 2ms
2026-02-26 22:51:42 INFO     [cakeshop.api] GET /admin/pages 200 3ms
2026-02-26 22:51:42 INFO     [cakeshop.api] GET /admin/pages 200 2ms
2026-02-26 22:51:43 INFO     [cakeshop.api] GET /admin/categories/metadata 200 3ms
2026-02-26 22:51:43 INFO     [cakeshop.api] GET /admin/categories/metadata 200 1ms
2026-02-26 22:51:44 INFO     [cakeshop.api] GET /orders/ 200 3ms
2026-02-26 22:51:44 INFO     [cakeshop.api] GET /orders/ 200 3ms
2026-02-26 22:51:47 INFO     [cakeshop.api] GET / 200 1ms
2026-02-26 22:51:48 INFO     [cakeshop.api] GET /admin/categories/metadata 200 1ms
2026-02-26 22:51:48 INFO     [cakeshop.api] GET /admin/categories/metadata 200 2ms
2026-02-26 22:51:49 INFO     [cakeshop.api] GET /admin/pages 200 3ms
2026-02-26 22:51:49 INFO     [cakeshop.api] GET /admin/pages 200 2ms
2026-02-26 22:51:52 INFO     [cakeshop.api] GET /admin/categories/metadata 200 1ms
2026-02-26 22:51:52 INFO     [cakeshop.api] GET /admin/categories/metadata 200 1ms
2026-02-26 22:52:17 INFO     [cakeshop.api] GET /admin/pages 200 2ms
2026-02-26 22:52:17 INFO     [cakeshop.api] GET /admin/pages 200 3ms
2026-02-26 22:52:18 INFO     [cakeshop] Logging initialized — logs dir: C:\Users\Виктор\Desktop\интернет магазин торты\backend\logs
2026-02-26 22:52:18 INFO     [cakeshop.api] Application startup — seeding database if empty
2026-02-26 22:52:18 ERROR    [cakeshop.api] Failed to seed database: name '_seed_pages' is not defined
2026-02-26 22:52:22 INFO     [cakeshop] Logging initialized — logs dir: C:\Users\Виктор\Desktop\интернет магазин торты\backend\logs
2026-02-26 22:52:23 INFO     [cakeshop.api] Application startup — seeding database if empty
2026-02-26 22:52:23 INFO     [cakeshop.seed] Seeded 14 SEO pages.
2026-02-26 22:52:24 INFO     [cakeshop.seed] Auto-seeding completed successfully!
2026-02-26 22:52:24 INFO     [cakeshop.seed] Database already has 288 products. Skipping auto-seeding.
2026-02-26 22:52:24 INFO     [cakeshop.api] Database seed check complete
2026-02-26 22:54:51 INFO     [cakeshop] Logging initialized — logs dir: C:\Users\Виктор\Desktop\интернет магазин торты\backend\logs
2026-02-26 22:54:52 INFO     [cakeshop.api] Application startup — seeding database if empty
2026-02-26 22:54:52 INFO     [cakeshop.seed] Database already has 288 products. Skipping auto-seeding.
2026-02-26 22:54:52 INFO     [cakeshop.api] Database seed check complete
2026-02-26 22:56:07 INFO     [cakeshop.api] GET /docs 200 0ms
2026-02-26 22:56:07 INFO     [cakeshop.api] GET /openapi.json 200 130ms
2026-02-26 22:56:24 INFO     [cakeshop.api] GET /docs 200 1ms
2026-02-26 22:56:25 INFO     [cakeshop.api] GET /openapi.json 200 1ms
2026-02-26 22:56:40 INFO     [cakeshop.api] GET /docs 200 0ms
2026-02-26 22:56:40 INFO     [cakeshop.api] GET /openapi.json 200 1ms
2026-02-26 22:58:10 INFO     [cakeshop] Logging initialized — logs dir: C:\Users\Виктор\Desktop\интернет магазин торты\backend\logs
