2026-03-02 16:10:25 WARNING  [cakeshop.errors] HTTP 404: Not Found — GET /media/products/oak.jpg
2026-03-02 16:10:25 WARNING  [cakeshop.errors] HTTP 404: Not Found — GET /media/products/hornbeam.jpg
2026-03-02 16:10:25 WARNING  [cakeshop.errors] HTTP 404: Not Found — GET /media/products/pine.jpg
2026-03-02 16:10:26 WARNING  [cakeshop.errors] HTTP 404: Not Found — GET /media/products/alder.jpg
2026-03-02 16:12:06 WARNING  [cakeshop.errors] HTTP 404: Not Found — GET /media/products/oak.jpg
2026-03-02 16:12:06 WARNING  [cakeshop.errors] HTTP 404: Not Found — GET /media/products/pine.jpg
2026-03-02 16:12:06 WARNING  [cakeshop.errors] HTTP 404: Not Found — GET /media/products/alder.jpg
2026-03-02 16:12:06 WARNING  [cakeshop.errors] HTTP 404: Not Found — GET /media/products/hornbeam.jpg
2026-03-02 16:12:07 WARNING  [cakeshop.errors] HTTP 404: Not Found — GET /media/products/oak.jpg
2026-03-02 16:12:08 WARNING  [cakeshop.errors] HTTP 404: Not Found — GET /media/products/alder.jpg
2026-03-02 16:12:08 WARNING  [cakeshop.errors] HTTP 404: Not Found — GET /media/products/pine.jpg
2026-03-02 16:12:08 WARNING  [cakeshop.errors] HTTP 404: Not Found — GET /media/products/hornbeam.jpg
2026-03-02 16:12:08 WARNING  [cakeshop.errors] HTTP 404: Not Found — GET /media/products/pinikay.jpg
2026-03-02 16:12:08 WARNING  [cakeshop.errors] HTTP 404: Not Found — GET /media/products/ruf.jpg
2026-03-02 16:12:11 WARNING  [cakeshop.errors] HTTP 404: Not Found — GET /media/products/coal_as.jpg
2026-03-02 16:12:11 WARNING  [cakeshop.errors] HTTP 404: Not Found — GET /media/products/coal_ao.jpg
2026-03-02 16:12:15 WARNING  [cakeshop.errors] HTTP 404: Not Found — GET /media/products/coal_ao.jpg
2026-03-02 16:12:16 WARNING  [cakeshop.errors] HTTP 404: Not Found — GET /media/products/coal_as.jpg
2026-03-02 16:12:17 WARNING  [cakeshop.errors] HTTP 404: Not Found — GET /media/products/ruf.jpg
2026-03-02 16:12:17 WARNING  [cakeshop.errors] HTTP 404: Not Found — GET /media/products/pinikay.jpg
2026-03-02 16:12:17 WARNING  [cakeshop.errors] HTTP 404: Not Found — GET /media/products/ruf.jpg
2026-03-02 16:12:18 WARNING  [cakeshop.errors] HTTP 404: Not Found — GET /media/products/pinikay.jpg
2026-03-02 16:12:18 WARNING  [cakeshop.errors] HTTP 404: Not Found — GET /media/products/ruf.jpg
2026-03-02 16:12:18 WARNING  [cakeshop.errors] HTTP 404: Not Found — GET /media/products/pine.jpg
2026-03-02 16:12:18 WARNING  [cakeshop.errors] HTTP 404: Not Found — GET /media/products/hornbeam.jpg
2026-03-02 16:12:18 WARNING  [cakeshop.errors] HTTP 404: Not Found — GET /media/products/oak.jpg
2026-03-02 16:12:18 WARNING  [cakeshop.errors] HTTP 404: Not Found — GET /media/products/alder.jpg
2026-03-02 16:16:07 WARNING  [cakeshop.errors] HTTP 404: Not Found — GET /media/products/hornbeam.jpg
2026-03-02 16:16:07 WARNING  [cakeshop.errors] HTTP 404: Not Found — GET /media/products/oak.jpg
2026-03-02 16:16:07 WARNING  [cakeshop.errors] HTTP 404: Not Found — GET /media/products/pine.jpg
2026-03-02 16:16:07 WARNING  [cakeshop.errors] HTTP 404: Not Found — GET /media/products/alder.jpg
2026-03-02 16:16:24 WARNING  [cakeshop.errors] HTTP 404: Not Found — GET /media/products/oak.jpg
2026-03-02 16:16:24 WARNING  [cakeshop.errors] HTTP 404: Not Found — GET /media/products/pine.jpg
2026-03-02 16:16:24 WARNING  [cakeshop.errors] HTTP 404: Not Found — GET /media/products/hornbeam.jpg
2026-03-02 16:16:24 WARNING  [cakeshop.errors] HTTP 404: Not Found — GET /media/products/alder.jpg
2026-03-02 16:16:24 WARNING  [cakeshop.errors] HTTP 404: Not Found — GET /media/products/ruf.jpg
2026-03-02 16:16:24 WARNING  [cakeshop.errors] HTTP 404: Not Found — GET /media/products/pinikay.jpg
2026-03-02 16:16:25 WARNING  [cakeshop.errors] HTTP 404: Not Found — GET /media/products/coal_as.jpg
2026-03-02 16:16:25 WARNING  [cakeshop.errors] HTTP 404: Not Found — GET /media/products/coal_ao.jpg
2026-03-02 16:16:29 WARNING  [cakeshop.errors] HTTP 404: Not Found — GET /media/products/coal_ao.jpg
2026-03-02 16:16:30 WARNING  [cakeshop.errors] HTTP 404: Not Found — GET /media/products/coal_as.jpg
2026-03-02 16:16:30 WARNING  [cakeshop.errors] HTTP 404: Not Found — GET /media/products/pinikay.jpg
2026-03-02 16:16:30 WARNING  [cakeshop.errors] HTTP 404: Not Found — GET /media/products/ruf.jpg
2026-03-02 16:16:31 WARNING  [cakeshop.errors] HTTP 404: Not Found — GET /media/products/ruf.jpg
2026-03-02 16:16:31 WARNING  [cakeshop.errors] HTTP 404: Not Found — GET /media/products/pinikay.jpg
2026-03-02 16:16:31 WARNING  [cakeshop.errors] HTTP 404: Not Found — GET /media/products/ruf.jpg
2026-03-02 16:16:31 WARNING  [cakeshop.errors] HTTP 404: Not Found — GET /media/products/pine.jpg
2026-03-02 16:16:31 WARNING  [cakeshop.errors] HTTP 404: Not Found — GET /media/products/hornbeam.jpg
2026-03-02 16:16:31 WARNING  [cakeshop.errors] HTTP 404: Not Found — GET /media/products/oak.jpg
2026-03-02 16:16:31 WARNING  [cakeshop.errors] HTTP 404: Not Found — GET /media/products/alder.jpg
2026-03-02 16:17:59 WARNING  [cakeshop.errors] HTTP 404: Not Found — GET /media/products/hornbeam.jpg
2026-03-02 16:17:59 WARNING  [cakeshop.errors] HTTP 404: Not Found — GET /media/products/oak.jpg
2026-03-02 16:17:59 WARNING  [cakeshop.errors] HTTP 404: Not Found — GET /media/products/pine.jpg
2026-03-02 16:17:59 WARNING  [cakeshop.errors] HTTP 404: Not Found — GET /media/products/alder.jpg
2026-03-02 16:21:19 WARNING  [cakeshop.errors] HTTP 404: Not Found — GET /media/categories/firewood.jpg
2026-03-02 16:21:19 WARNING  [cakeshop.errors] HTTP 404: Not Found — GET /media/products/oak.jpg
2026-03-02 16:21:19 WARNING  [cakeshop.errors] HTTP 404: Not Found — GET /media/products/hornbeam.jpg
2026-03-02 16:21:19 WARNING  [cakeshop.errors] HTTP 404: Not Found — GET /media/products/pine.jpg
2026-03-02 16:21:19 WARNING  [cakeshop.errors] HTTP 404: Not Found — GET /media/products/alder.jpg
